
[0;34mℹ️  Starting automatic installation...[0m

[0;34mℹ️  Installing system dependencies...[0m
[0;34mℹ️  Updating package list...[0m
[0;34mℹ️  Installing Python, pip, venv, and Chrome dependencies...[0m
Reading package lists...
Building dependency tree...
Reading state information...
[0;32m✅ System dependencies installed[0m
[0;34mℹ️  Installing Google Chrome...[0m
[0;32m✅ Google Chrome already installed[0m
[0;32m✅ Python 3 found: Python 3.12.3[0m
[0;34mℹ️  Creating Python virtual environment...[0m
The virtual environment was not created successfully because ensurepip is not
available.  On Debian/Ubuntu systems, you need to install the python3-venv
package using the following command.

    apt install python3.12-venv

You may need to use sudo with that command.  After installing the python3-venv
package, recreate your virtual environment.

Failing command: /home/fason/work-folder/youtubeViewsSystem/venv/bin/python3

[0;31m❌ Failed to create virtual environment[0m
